id	priority	createdTime	startedTime	terminatedTime	cpuTime	blockedTime	turnaroundTime	waitingTime	responseTime
2	8	79	79	96	17	0	17	0	0
1	9	0	0	121	57	61	121	3	0
3	6	109	109	164	27	28	55	0	0
4	13	691	691	809	94	24	118	0	0
5	6	811	811	816	5	0	5	0	0
6	2	860	860	863	3	0	3	0	0
7	14	947	947	999	44	8	52	0	0
8	6	1052	1052	1053	1	0	1	0	0
10	4	1642	1642	1653	7	4	11	0	0
9	3	1510	1510	1686	50	126	176	0	0
12	26	1811	1811	1835	11	13	24	0	0
11	26	1756	1756	1858	90	1	102	11	0
13	18	1878	1878	2002	93	31	124	0	0
14	9	2212	2212	2257	33	12	45	0	0
16	37	2416	2416	2488	33	39	72	0	0
15	55	2329	2329	2667	240	76	338	22	0
18	13	2794	2794	2798	4	0	4	0	0
17	25	2786	2786	2920	97	3	134	34	0
19	35	2875	2875	2960	70	8	85	7	0
20	12	2980	2980	2994	14	0	14	0	0
0	0	0	0	2994	2004	0	2994	990	0
