id	priority	createdTime	startedTime	terminatedTime	cpuTime	blockedTime	turnaroundTime	waitingTime	responseTime
1	0	0	0	41	15	26	41	0	0
2	0	110	110	206	87	9	96	0	0
3	0	433	433	435	2	0	2	0	0
4	0	469	469	572	95	8	103	0	0
5	0	640	640	693	31	22	53	0	0
6	0	880	880	942	62	0	62	0	0
7	0	982	982	1045	53	10	63	0	0
8	0	1103	1103	1128	25	0	25	0	0
10	0	1145	1145	1149	4	0	4	0	0
9	0	1131	1131	1226	63	32	95	0	0
11	0	1319	1319	1368	49	0	49	0	0
12	0	1609	1609	1610	1	0	1	0	0
13	0	1906	1906	2232	140	166	326	20	0
14	0	2130	2130	2524	230	122	394	42	0
15	0	2807	2807	2817	10	0	10	0	0
16	0	3026	3026	3072	46	0	46	0	0
18	0	3305	3305	3348	23	0	43	20	0
17	0	3194	3194	3464	188	39	270	43	0
19	0	3438	3438	3471	27	0	33	6	0
20	0	3692	3692	3820	116	12	128	0	0
0	0	0	0	3820	2553	0	3820	1267	0
