id	priority	createdTime	startedTime	terminatedTime	cpuTime	blockedTime	turnaroundTime	waitingTime	responseTime
1	0	0	0	36	10	26	36	0	0
2	0	110	110	177	58	9	67	0	0
3	0	433	433	434	1	0	1	0	0
4	0	469	469	540	63	8	71	0	0
5	0	640	640	683	21	22	43	0	0
6	0	880	880	922	42	0	42	0	0
7	0	982	982	1028	36	10	46	0	0
8	0	1103	1103	1120	17	0	17	0	0
10	0	1145	1145	1148	3	0	3	0	0
9	0	1131	1131	1206	43	32	75	0	0
11	0	1319	1319	1352	33	0	33	0	0
12	0	1609	1609	1610	1	0	1	0	0
13	0	1906	1906	2186	94	166	280	20	0
14	0	2130	2130	2419	155	122	289	12	0
15	0	2807	2807	2814	7	0	7	0	0
16	0	3026	3026	3057	31	0	31	0	0
18	0	3305	3305	3321	16	0	16	0	0
17	0	3194	3194	3375	126	39	181	16	0
19	0	3438	3438	3456	18	0	18	0	0
20	0	3692	3692	3782	78	12	90	0	0
0	0	0	0	3782	2929	0	3782	853	0
