id	priority	createdTime	startedTime	terminatedTime	cpuTime	blockedTime	turnaroundTime	waitingTime	responseTime
1	0	0	0	50	24	26	50	0	0
2	0	110	110	263	144	9	153	0	0
3	0	433	433	435	2	0	2	0	0
4	0	469	469	633	156	8	164	0	0
5	0	640	640	712	50	22	72	0	0
6	0	880	880	1004	104	0	124	20	0
7	0	982	982	1081	87	10	99	2	0
10	0	1145	1145	1151	6	0	6	0	0
8	0	1103	1103	1185	42	0	82	40	0
9	0	1131	1131	1272	105	32	141	4	0
11	0	1319	1319	1400	81	0	81	0	0
12	0	1609	1609	1610	1	0	1	0	0
13	0	1906	1906	2364	232	166	458	60	0
14	0	2130	2130	2706	383	122	576	71	0
15	0	2807	2807	2823	16	0	16	0	0
16	0	3026	3026	3102	76	0	76	0	0
18	0	3305	3305	3384	39	0	79	40	0
19	0	3438	3438	3522	44	0	84	40	0
17	0	3194	3194	3613	311	39	419	69	0
20	0	3692	3692	3897	193	12	205	0	0
0	0	0	0	3897	1801	0	3897	2096	0
